0 info it worked if it ends with ok
1 verbose cli [ 'D:\\Program Files\\nodejs\\\\node.exe',
1 verbose cli   'D:\\Program Files\\nodejs\\node_modules\\npm\\bin\\npm-cli.js',
1 verbose cli   'version',
1 verbose cli   'aws-sdk' ]
2 info using npm@2.11.3
3 info using node@v0.12.7
4 error version No valid package.json found
5 verbose stack SyntaxError: Unexpected token }
5 verbose stack     at Object.parse (native)
5 verbose stack     at D:\Users\Michael\AppData\Roaming\nvm\v0.12.7\node_modules\npm\lib\version.js:32:19
5 verbose stack     at evalmachine.<anonymous>:334:14
5 verbose stack     at D:\Users\Michael\AppData\Roaming\nvm\v0.12.7\node_modules\npm\node_modules\graceful-fs\graceful-fs.js:102:5
5 verbose stack     at FSReqWrap.oncomplete (evalmachine.<anonymous>:95:15)
6 verbose cwd D:\Users\Michael\IdeaProjects\SportsPredictionsSBT\web
7 error Windows_NT 6.1.7601
8 error argv "D:\\Program Files\\nodejs\\\\node.exe" "D:\\Program Files\\nodejs\\node_modules\\npm\\bin\\npm-cli.js" "version" "aws-sdk"
9 error node v0.12.7
10 error npm  v2.11.3
11 error Unexpected token }
12 error If you need help, you may report this error at:
12 error     <https://github.com/npm/npm/issues>
13 verbose exit [ 1, true ]
